\BOOKMARK [1][-]{section.1}{\376\377\000T\000a\000s\000k\000\040\0001}{}% 1
\BOOKMARK [1][-]{section.2}{\376\377\000T\000a\000s\000k\000\040\0002}{}% 2
\BOOKMARK [1][-]{section.3}{\376\377\000T\000a\000s\000k\000\040\0003}{}% 3
\BOOKMARK [1][-]{section.4}{\376\377\000T\000a\000s\000k\000\040\0004}{}% 4
\BOOKMARK [2][-]{subsection.4.1}{\376\377\000T\000h\000e\000o\000r\000e\000t\000i\000c\000a\000l\000\040\000v\000a\000l\000u\000e\000s}{section.4}% 5
\BOOKMARK [3][-]{subsubsection.4.1.1}{\376\377\000S\000i\000g\000n\000a\000l\000\040\000P\000e\000a\000k}{subsection.4.1}% 6
\BOOKMARK [3][-]{subsubsection.4.1.2}{\376\377\000N\000o\000i\000s\000e\000\040\000F\000l\000o\000o\000r}{subsection.4.1}% 7
\BOOKMARK [2][-]{subsection.4.2}{\376\377\000M\000a\000t\000l\000a\000b\000\040\000e\000x\000e\000c\000u\000t\000i\000o\000n}{section.4}% 8
\BOOKMARK [2][-]{subsection.4.3}{\376\377\000T\000h\000e\000o\000r\000e\000t\000i\000c\000a\000l\000\040\000v\000a\000l\000u\000e\000s}{section.4}% 9
\BOOKMARK [2][-]{subsection.4.4}{\376\377\000M\000a\000t\000l\000a\000b\000\040\000e\000x\000e\000c\000u\000t\000i\000o\000n}{section.4}% 10
\BOOKMARK [2][-]{subsection.4.5}{\376\377\000T\000h\000e\000o\000r\000e\000t\000i\000c\000a\000l\000\040\000v\000a\000l\000u\000e\000s}{section.4}% 11
\BOOKMARK [2][-]{subsection.4.6}{\376\377\000M\000a\000t\000l\000a\000b\000\040\000e\000x\000e\000c\000u\000t\000i\000o\000n}{section.4}% 12
\BOOKMARK [2][-]{subsection.4.7}{\376\377\000T\000h\000e\000o\000r\000e\000t\000i\000c\000a\000l\000\040\000v\000a\000l\000u\000e\000s}{section.4}% 13
\BOOKMARK [1][-]{section.5}{\376\377\000T\000a\000s\000k\000\040\0005}{}% 14
\BOOKMARK [1][-]{section.6}{\376\377\000T\000a\000s\000k\000\040\0006}{}% 15
\BOOKMARK [1][-]{appendix.Alph1}{\376\377\000A\000p\000p\000e\000n\000d\000i\000x\000:\000\040\000M\000A\000T\000L\000A\000B\000\040\000s\000c\000r\000i\000p\000t\000s\000\040\000a\000n\000d\000\040\000d\000a\000t\000a}{}% 16
\BOOKMARK [2][-]{subsection.Alph1.1}{\376\377\000T\000a\000s\000k\000\040\0003}{appendix.Alph1}% 17
\BOOKMARK [3][-]{subsubsection.Alph1.1.1}{\376\377\000t\000a\000s\000k\0003\000\137\0002\000.\000m}{subsection.Alph1.1}% 18
\BOOKMARK [3][-]{subsubsection.Alph1.1.2}{\376\377\000t\000a\000s\000k\0003\000\137\000t\000r\000i\000.\000m}{subsection.Alph1.1}% 19
\BOOKMARK [3][-]{subsubsection.Alph1.1.3}{\376\377\000t\000a\000s\000k\0003\000\137\000n\000o\000r\000m\000a\000l\000\137\000d\000i\000s\000t\000\137\000s\000e\000t\000.\000m}{subsection.Alph1.1}% 20
\BOOKMARK [2][-]{subsection.Alph1.2}{\376\377\000T\000a\000s\000k\000\040\0004}{appendix.Alph1}% 21
\BOOKMARK [3][-]{subsubsection.Alph1.2.1}{\376\377\000t\000a\000s\000k\0004\000\137\0001\000.\000m}{subsection.Alph1.2}% 22
\BOOKMARK [3][-]{subsubsection.Alph1.2.2}{\376\377\000t\000a\000s\000k\0004\000\137\0002\000.\000m}{subsection.Alph1.2}% 23
\BOOKMARK [3][-]{subsubsection.Alph1.2.3}{\376\377\000t\000a\000s\000k\0004\000\137\0003\000.\000m}{subsection.Alph1.2}% 24
\BOOKMARK [3][-]{subsubsection.Alph1.2.4}{\376\377\000t\000a\000s\000k\0004\000\137\0004\000.\000m}{subsection.Alph1.2}% 25
\BOOKMARK [3][-]{subsubsection.Alph1.2.5}{\376\377\000t\000a\000s\000k\0004\000\137\0005\000.\000m}{subsection.Alph1.2}% 26
\BOOKMARK [2][-]{subsection.Alph1.3}{\376\377\000T\000a\000s\000k\000\040\0005}{appendix.Alph1}% 27
\BOOKMARK [3][-]{subsubsection.Alph1.3.1}{\376\377\000t\000a\000s\000k\0005\000\137\0001\000.\000m}{subsection.Alph1.3}% 28
\BOOKMARK [3][-]{subsubsection.Alph1.3.2}{\376\377\000t\000a\000s\000k\0005\000\137\0003\000.\000m}{subsection.Alph1.3}% 29
\BOOKMARK [3][-]{subsubsection.Alph1.3.3}{\376\377\000t\000a\000s\000k\0005\000\137\0004\000.\000m}{subsection.Alph1.3}% 30
\BOOKMARK [3][-]{subsubsection.Alph1.3.4}{\376\377\000t\000a\000s\000k\0005\000\137\0005\000.\000m}{subsection.Alph1.3}% 31
\BOOKMARK [3][-]{subsubsection.Alph1.3.5}{\376\377\000t\000a\000s\000k\0005\000\137\0006\000.\000m}{subsection.Alph1.3}% 32
