This is pdfTeX, Version 3.141592653-2.6-1.40.25 (TeX Live 2023/Debian) (preloaded format=pdflatex 2025.10.9)  24 OCT 2025 18:29
entering extended mode
 restricted \write18 enabled.
 file:line:error style messages enabled.
 %&-line parsing enabled.
**/home/hugo/master/TSCOM/practicas/practica1/latex/task4.tex
(/home/hugo/master/TSCOM/practicas/practica1/latex/task4.tex
LaTeX2e <2023-11-01> patch level 1
L3 programming layer <2024-01-22>

/home/hugo/master/TSCOM/practicas/practica1/latex/task4.tex:3: LaTeX Error: Missing \begin{document}.

See the LaTeX manual or LaTeX Companion for explanation.
Type  H <return>  for immediate help.
 ...                                              
                                                  
l.3 ...M blocks using, e.g., the command reshape:}
                                                  
You're in trouble here.  Try typing  <return>  to proceed.
If that doesn't work, type  X <return>  to quit.

LaTeX Font Info:    External font `cmex10' loaded for size
(Font)              <7> on input line 3.
LaTeX Font Info:    External font `cmex10' loaded for size
(Font)              <5> on input line 3.

Overfull \hbox (67.83446pt too wide) in paragraph at lines 3--4
[]\OT1/cmr/bx/n/10 Question:
 []


Overfull \hbox (17.06378pt too wide) in paragraph at lines 3--4
\OT1/cmr/bx/n/10 As-
 []


Overfull \hbox (25.77902pt too wide) in paragraph at lines 3--4
\OT1/cmr/bx/n/10 sume
 []


Overfull \hbox (5.59023pt too wide) in paragraph at lines 3--4
\OT1/cmr/bx/n/10 a
 []


Overfull \hbox (20.1249pt too wide) in paragraph at lines 3--4
\OT1/cmr/bx/n/10 full-
 []


Overfull \hbox (23.70262pt too wide) in paragraph at lines 3--4
\OT1/cmr/bx/n/10 scale
 []


Overfull \hbox (11.56381pt too wide) in paragraph at lines 3--4
\OT1/cmr/bx/n/10 si-
 []


Overfull \hbox (16.29158pt too wide) in paragraph at lines 3--4
\OT1/cmr/bx/n/10 nu-
 []


Overfull \hbox (28.65398pt too wide) in paragraph at lines 3--4
\OT1/cmr/bx/n/10 soidal
 []


Overfull \hbox (13.4166pt too wide) in paragraph at lines 3--4
\OT1/cmr/bx/n/10 in-
 []


Overfull \hbox (17.24991pt too wide) in paragraph at lines 3--4
\OT1/cmr/bx/n/10 put
 []


Overfull \hbox (22.361pt too wide) in paragraph at lines 3--4
\OT1/cmr/bx/n/10 with
 []


Overfull \hbox (19.9375pt too wide) in paragraph at lines 3--4
\OML/cmm/m/it/10 f[] \OT1/cmr/m/n/10 =
 []


Overfull \hbox (60.97923pt too wide) in paragraph at lines 3--4
\OT1/cmr/m/n/10 37\OML/cmm/m/it/10 :\OT1/cmr/m/n/10 1094\OML/cmm/m/it/10 MHz$\OT1/cmr/bx/n/10 ,
 []


Overfull \hbox (18.36794pt too wide) in paragraph at lines 3--4
\OT1/cmr/bx/n/10 and
 []


Overfull \hbox (12.93744pt too wide) in paragraph at lines 3--4
\OT1/cmr/bx/n/10 let
 []


Overfull \hbox (16.13187pt too wide) in paragraph at lines 3--4
\OT1/cmr/bx/n/10 the
 []


Overfull \hbox (22.47209pt too wide) in paragraph at lines 3--4
\OT1/cmr/bx/n/10 FFT
 []


Overfull \hbox (18.1124pt too wide) in paragraph at lines 3--4
\OT1/cmr/bx/n/10 size
 []


Overfull \hbox (11.97911pt too wide) in paragraph at lines 3--4
\OT1/cmr/bx/n/10 be
 []


Overfull \hbox (10.91661pt too wide) in paragraph at lines 3--4
\OT1/cmr/bx/n/10 M
 []


Overfull \hbox (8.9444pt too wide) in paragraph at lines 3--4
\OT1/cmr/bx/n/10 =
 []


Overfull \hbox (26.1943pt too wide) in paragraph at lines 3--4
\OT1/cmr/bx/n/10 1024.
 []


Overfull \hbox (24.53459pt too wide) in paragraph at lines 3--4
\OT1/cmr/bx/n/10 Gen-
 []


Overfull \hbox (13.84023pt too wide) in paragraph at lines 3--4
\OT1/cmr/bx/n/10 er-
 []


Overfull \hbox (15.33324pt too wide) in paragraph at lines 3--4
\OT1/cmr/bx/n/10 ate
 []


Overfull \hbox (12.77782pt too wide) in paragraph at lines 3--4
\OT1/cmr/m/n/10 15 \OMS/cmsy/m/n/10 ^^A
 []


Overfull \hbox (10.79166pt too wide) in paragraph at lines 3--4
\OML/cmm/m/it/10 M$
 []


Overfull \hbox (23.5429pt too wide) in paragraph at lines 3--4
\OT1/cmr/bx/n/10 sam-
 []


Overfull \hbox (19.39017pt too wide) in paragraph at lines 3--4
\OT1/cmr/bx/n/10 ples
 []


Overfull \hbox (9.26384pt too wide) in paragraph at lines 3--4
\OT1/cmr/bx/n/10 of
 []


Overfull \hbox (17.10419pt too wide) in paragraph at lines 3--4
\OML/cmm/m/it/10 x\OT1/cmr/m/n/10 (\OML/cmm/m/it/10 t\OT1/cmr/m/n/10 )$
 []


Overfull \hbox (14.53462pt too wide) in paragraph at lines 3--4
\OT1/cmr/bx/n/10 (at
 []


Overfull \hbox (8.04994pt too wide) in paragraph at lines 3--4
\OT1/cmr/bx/n/10 fs
 []


Overfull \hbox (8.9444pt too wide) in paragraph at lines 3--4
\OT1/cmr/bx/n/10 =
 []


Overfull \hbox (17.24991pt too wide) in paragraph at lines 3--4
\OT1/cmr/bx/n/10 100
 []


Overfull \hbox (29.49985pt too wide) in paragraph at lines 3--4
\OT1/cmr/bx/n/10 MHz)
 []


Overfull \hbox (18.36794pt too wide) in paragraph at lines 3--4
\OT1/cmr/bx/n/10 and
 []


Overfull \hbox (28.27066pt too wide) in paragraph at lines 3--4
\OT1/cmr/bx/n/10 quan-
 []


Overfull \hbox (18.04852pt too wide) in paragraph at lines 3--4
\OT1/cmr/bx/n/10 tize
 []


Overfull \hbox (25.71515pt too wide) in paragraph at lines 3--4
\OT1/cmr/bx/n/10 them
 []


Overfull \hbox (10.22217pt too wide) in paragraph at lines 3--4
\OT1/cmr/bx/n/10 to
 []


Overfull \hbox (8.99995pt too wide) in paragraph at lines 3--4
\OT1/cmr/bx/n/10 N
 []


Overfull \hbox (8.9444pt too wide) in paragraph at lines 3--4
\OT1/cmr/bx/n/10 =
 []


Overfull \hbox (11.49994pt too wide) in paragraph at lines 3--4
\OT1/cmr/bx/n/10 12
 []


Overfull \hbox (21.78598pt too wide) in paragraph at lines 3--4
\OT1/cmr/bx/n/10 bits.
 []


Overfull \hbox (29.84706pt too wide) in paragraph at lines 3--4
\OT1/cmr/bx/n/10 Break
 []


Overfull \hbox (16.13187pt too wide) in paragraph at lines 3--4
\OT1/cmr/bx/n/10 the
 []


Overfull \hbox (19.96518pt too wide) in paragraph at lines 3--4
\OT1/cmr/bx/n/10 vec-
 []


Overfull \hbox (14.95827pt too wide) in paragraph at lines 3--4
\OT1/cmr/bx/n/10 tor
 []


Overfull \hbox (12.13882pt too wide) in paragraph at lines 3--4
\OT1/cmr/bx/n/10 xq
 []


Overfull \hbox (9.26384pt too wide) in paragraph at lines 3--4
\OT1/cmr/bx/n/10 of
 []


Overfull \hbox (28.27066pt too wide) in paragraph at lines 3--4
\OT1/cmr/bx/n/10 quan-
 []


Overfull \hbox (24.43738pt too wide) in paragraph at lines 3--4
\OT1/cmr/bx/n/10 tized
 []


Overfull \hbox (23.5429pt too wide) in paragraph at lines 3--4
\OT1/cmr/bx/n/10 sam-
 []


Overfull \hbox (19.39017pt too wide) in paragraph at lines 3--4
\OT1/cmr/bx/n/10 ples
 []


Overfull \hbox (19.48601pt too wide) in paragraph at lines 3--4
\OT1/cmr/bx/n/10 into
 []


Overfull \hbox (11.49994pt too wide) in paragraph at lines 3--4
\OT1/cmr/bx/n/10 15
 []


Overfull \hbox (21.94571pt too wide) in paragraph at lines 3--4
\OT1/cmr/bx/n/10 size-
 []


Overfull \hbox (10.91661pt too wide) in paragraph at lines 3--4
\OT1/cmr/bx/n/10 M
 []


Overfull \hbox (31.04982pt too wide) in paragraph at lines 3--4
\OT1/cmr/bx/n/10 blocks
 []


Overfull \hbox (14.75824pt too wide) in paragraph at lines 3--4
\OT1/cmr/bx/n/10 us-
 []


Overfull \hbox (18.52768pt too wide) in paragraph at lines 3--4
\OT1/cmr/bx/n/10 ing,
 []


Overfull \hbox (20.60406pt too wide) in paragraph at lines 3--4
\OT1/cmr/bx/n/10 e.g.,
 []


Overfull \hbox (16.13187pt too wide) in paragraph at lines 3--4
\OT1/cmr/bx/n/10 the
 []


Overfull \hbox (24.27765pt too wide) in paragraph at lines 3--4
\OT1/cmr/bx/n/10 com-
 []


Overfull \hbox (27.95122pt too wide) in paragraph at lines 3--4
\OT1/cmr/bx/n/10 mand
 []


Overfull \hbox (13.84023pt too wide) in paragraph at lines 3--4
\OT1/cmr/bx/n/10 re-
 []


Overfull \hbox (31.68869pt too wide) in paragraph at lines 3--4
\OT1/cmr/bx/n/10 shape: 
 []


/home/hugo/master/TSCOM/practicas/practica1/latex/task4.tex:7: LaTeX Error: Environment lstlisting undefined.

See the LaTeX manual or LaTeX Companion for explanation.
Type  H <return>  for immediate help.
 ...                                              
                                                  
l.7 \begin{lstlisting}
                      [language=Matlab]
Your command was ignored.
Type  I <command> <return>  to replace it with another command,
or  <return>  to continue without it.


/home/hugo/master/TSCOM/practicas/practica1/latex/task4.tex:7: LaTeX Error: Missing \begin{document}.

See the LaTeX manual or LaTeX Companion for explanation.
Type  H <return>  for immediate help.
 ...                                              
                                                  
l.7 \begin{lstlisting}[
                       language=Matlab]
You're in trouble here.  Try typing  <return>  to proceed.
If that doesn't work, type  X <return>  to quit.

Missing character: There is no [ in font nullfont!
Missing character: There is no l in font nullfont!
Missing character: There is no a in font nullfont!
Missing character: There is no n in font nullfont!
Missing character: There is no g in font nullfont!
Missing character: There is no u in font nullfont!
Missing character: There is no a in font nullfont!
Missing character: There is no g in font nullfont!
Missing character: There is no e in font nullfont!
Missing character: There is no = in font nullfont!
Missing character: There is no M in font nullfont!
Missing character: There is no a in font nullfont!
Missing character: There is no t in font nullfont!
Missing character: There is no l in font nullfont!
Missing character: There is no a in font nullfont!
Missing character: There is no b in font nullfont!
Missing character: There is no ] in font nullfont!
Missing character: There is no x in font nullfont!
Missing character: There is no q in font nullfont!
Missing character: There is no b in font nullfont!
Missing character: There is no l in font nullfont!
Missing character: There is no o in font nullfont!
Missing character: There is no c in font nullfont!
Missing character: There is no k in font nullfont!
Missing character: There is no s in font nullfont!
Missing character: There is no = in font nullfont!
Missing character: There is no r in font nullfont!
Missing character: There is no e in font nullfont!
Missing character: There is no s in font nullfont!
Missing character: There is no h in font nullfont!
Missing character: There is no a in font nullfont!
Missing character: There is no p in font nullfont!
Missing character: There is no e in font nullfont!
Missing character: There is no ( in font nullfont!
Missing character: There is no x in font nullfont!
Missing character: There is no q in font nullfont!
Missing character: There is no , in font nullfont!
Missing character: There is no M in font nullfont!
Missing character: There is no , in font nullfont!
Missing character: There is no 1 in font nullfont!
Missing character: There is no 5 in font nullfont!
Missing character: There is no ) in font nullfont!
Missing character: There is no ; in font nullfont!

/home/hugo/master/TSCOM/practicas/practica1/latex/task4.tex:9: LaTeX Error: \begin{document} ended by \end{lstlisting}.

See the LaTeX manual or LaTeX Companion for explanation.
Type  H <return>  for immediate help.
 ...                                              
                                                  
l.9 \end{lstlisting}
                    
Your command was ignored.
Type  I <command> <return>  to replace it with another command,
or  <return>  to continue without it.


Overfull \hbox (20.0pt too wide) in paragraph at lines 7--10
[]
 []


/home/hugo/master/TSCOM/practicas/practica1/latex/task4.tex:14: LaTeX Error: Missing \begin{document}.

See the LaTeX manual or LaTeX Companion for explanation.
Type  H <return>  for immediate help.
 ...                                              
                                                  
l.14 }
      
You're in trouble here.  Try typing  <return>  to proceed.
If that doesn't work, type  X <return>  to quit.


/home/hugo/master/TSCOM/practicas/practica1/latex/task4.tex:15: LaTeX Error: Environment lstlisting undefined.

See the LaTeX manual or LaTeX Companion for explanation.
Type  H <return>  for immediate help.
 ...                                              
                                                  
l.15 \begin{lstlisting}
                       [language=Matlab]
Your command was ignored.
Type  I <command> <return>  to replace it with another command,
or  <return>  to continue without it.

Missing character: There is no [ in font nullfont!
Missing character: There is no l in font nullfont!
Missing character: There is no a in font nullfont!
Missing character: There is no n in font nullfont!
Missing character: There is no g in font nullfont!
Missing character: There is no u in font nullfont!
Missing character: There is no a in font nullfont!
Missing character: There is no g in font nullfont!
Missing character: There is no e in font nullfont!
Missing character: There is no = in font nullfont!
Missing character: There is no M in font nullfont!
Missing character: There is no a in font nullfont!
Missing character: There is no t in font nullfont!
Missing character: There is no l in font nullfont!
Missing character: There is no a in font nullfont!
Missing character: There is no b in font nullfont!
Missing character: There is no ] in font nullfont!
Missing character: There is no X in font nullfont!
Missing character: There is no = in font nullfont!
Missing character: There is no f in font nullfont!
Missing character: There is no f in font nullfont!
Missing character: There is no t in font nullfont!
Missing character: There is no ( in font nullfont!
Missing character: There is no x in font nullfont!
Missing character: There is no q in font nullfont!
Missing character: There is no b in font nullfont!
Missing character: There is no l in font nullfont!
Missing character: There is no o in font nullfont!
Missing character: There is no c in font nullfont!
Missing character: There is no k in font nullfont!
Missing character: There is no s in font nullfont!
Missing character: There is no , in font nullfont!
Missing character: There is no M in font nullfont!
Missing character: There is no ) in font nullfont!
Missing character: There is no ; in font nullfont!

/home/hugo/master/TSCOM/practicas/practica1/latex/task4.tex:17: LaTeX Error: \begin{document} ended by \end{lstlisting}.

See the LaTeX manual or LaTeX Companion for explanation.
Type  H <return>  for immediate help.
 ...                                              
                                                  
l.17 \end{lstlisting}
                     
Your command was ignored.
Type  I <command> <return>  to replace it with another command,
or  <return>  to continue without it.


Overfull \hbox (30.28604pt too wide) in paragraph at lines 14--18
[]\OT1/cmr/bx/n/10 so
 []


Overfull \hbox (20.92348pt too wide) in paragraph at lines 14--18
\OT1/cmr/bx/n/10 that
 []


Overfull \hbox (22.04153pt too wide) in paragraph at lines 14--18
\OT1/cmr/bx/n/10 each
 []


Overfull \hbox (17.8888pt too wide) in paragraph at lines 14--18
\OT1/cmr/bx/n/10 col-
 []


Overfull \hbox (22.361pt too wide) in paragraph at lines 14--18
\OT1/cmr/bx/n/10 umn
 []


Overfull \hbox (9.26384pt too wide) in paragraph at lines 14--18
\OT1/cmr/bx/n/10 of
 []


Overfull \hbox (16.13187pt too wide) in paragraph at lines 14--18
\OT1/cmr/bx/n/10 the
 []


Overfull \hbox (18.56946pt too wide) in paragraph at lines 14--18
\OML/cmm/m/it/10 M \OMS/cmsy/m/n/10 ^^B
 []


Overfull \hbox (10.00003pt too wide) in paragraph at lines 14--18
\OT1/cmr/m/n/10 15$
 []


Overfull \hbox (19.00682pt too wide) in paragraph at lines 14--18
\OT1/cmr/bx/n/10 ma-
 []


Overfull \hbox (18.47214pt too wide) in paragraph at lines 14--18
\OT1/cmr/bx/n/10 trix
 []


Overfull \hbox (43.18864pt too wide) in paragraph at lines 14--18
\OT1/cmr/bx/n/10 xqblocks
 []


Overfull \hbox (17.8888pt too wide) in paragraph at lines 14--18
\OT1/cmr/bx/n/10 will
 []


Overfull \hbox (21.08322pt too wide) in paragraph at lines 14--18
\OT1/cmr/bx/n/10 con-
 []


Overfull \hbox (19.6457pt too wide) in paragraph at lines 14--18
\OT1/cmr/bx/n/10 tain
 []


Overfull \hbox (16.13187pt too wide) in paragraph at lines 14--18
\OT1/cmr/bx/n/10 the
 []


Overfull \hbox (19.43047pt too wide) in paragraph at lines 14--18
\OT1/cmr/bx/n/10 cor-
 []


Overfull \hbox (13.84023pt too wide) in paragraph at lines 14--18
\OT1/cmr/bx/n/10 re-
 []


Overfull \hbox (33.60536pt too wide) in paragraph at lines 14--18
\OT1/cmr/bx/n/10 spond-
 []


Overfull \hbox (15.33325pt too wide) in paragraph at lines 14--18
\OT1/cmr/bx/n/10 ing
 []


Overfull \hbox (26.51375pt too wide) in paragraph at lines 14--18
\OT1/cmr/bx/n/10 block
 []


Overfull \hbox (9.26384pt too wide) in paragraph at lines 14--18
\OT1/cmr/bx/n/10 of
 []


Overfull \hbox (18.1124pt too wide) in paragraph at lines 14--18
\OT1/cmr/bx/n/10 size
 []


Overfull \hbox (10.91661pt too wide) in paragraph at lines 14--18
\OT1/cmr/bx/n/10 M
 []


Overfull \hbox (3.19443pt too wide) in paragraph at lines 14--18
\OT1/cmr/bx/n/10 .
 []


Overfull \hbox (25.93042pt too wide) in paragraph at lines 14--18
\OT1/cmr/bx/n/10 Now,
 []


Overfull \hbox (24.50125pt too wide) in paragraph at lines 14--18
\OT1/cmr/bx/n/10 since
 []


Overfull \hbox (16.13187pt too wide) in paragraph at lines 14--18
\OT1/cmr/bx/n/10 the
 []


Overfull \hbox (11.1805pt too wide) in paragraph at lines 14--18
\OT1/cmr/bx/n/10 fft
 []


Overfull \hbox (24.27765pt too wide) in paragraph at lines 14--18
\OT1/cmr/bx/n/10 com-
 []


Overfull \hbox (27.95122pt too wide) in paragraph at lines 14--18
\OT1/cmr/bx/n/10 mand
 []


Overfull \hbox (24.27765pt too wide) in paragraph at lines 14--18
\OT1/cmr/bx/n/10 com-
 []


Overfull \hbox (27.0568pt too wide) in paragraph at lines 14--18
\OT1/cmr/bx/n/10 putes
 []


Overfull \hbox (16.13187pt too wide) in paragraph at lines 14--18
\OT1/cmr/bx/n/10 the
 []


Overfull \hbox (22.47209pt too wide) in paragraph at lines 14--18
\OT1/cmr/bx/n/10 FFT
 []


Overfull \hbox (33.86093pt too wide) in paragraph at lines 14--18
\OT1/cmr/bx/n/10 colum-
 []


Overfull \hbox (10.22217pt too wide) in paragraph at lines 14--18
\OT1/cmr/bx/n/10 n-
 []


Overfull \hbox (24.50125pt too wide) in paragraph at lines 14--18
\OT1/cmr/bx/n/10 wise,
 []


Overfull \hbox (9.58328pt too wide) in paragraph at lines 14--18
\OT1/cmr/bx/n/10 in
 []


Overfull \hbox (14.31938pt too wide) in paragraph at lines 14--18
\OT1/cmr/bx/n/10 or-
 []


Overfull \hbox (16.39577pt too wide) in paragraph at lines 14--18
\OT1/cmr/bx/n/10 der
 []


Overfull \hbox (10.22217pt too wide) in paragraph at lines 14--18
\OT1/cmr/bx/n/10 to
 []


Overfull \hbox (15.8124pt too wide) in paragraph at lines 14--18
\OT1/cmr/bx/n/10 ap-
 []


Overfull \hbox (15.6527pt too wide) in paragraph at lines 14--18
\OT1/cmr/bx/n/10 ply
 []


Overfull \hbox (11.97908pt too wide) in paragraph at lines 14--18
\OT1/cmr/bx/n/10 an
 []


Overfull \hbox (10.91661pt too wide) in paragraph at lines 14--18
\OT1/cmr/bx/n/10 M
 []


Overfull \hbox (3.83331pt too wide) in paragraph at lines 14--18
\OT1/cmr/bx/n/10 -
 []


Overfull \hbox (26.1943pt too wide) in paragraph at lines 14--18
\OT1/cmr/bx/n/10 point
 []


Overfull \hbox (22.47209pt too wide) in paragraph at lines 14--18
\OT1/cmr/bx/n/10 FFT
 []


Overfull \hbox (10.22217pt too wide) in paragraph at lines 14--18
\OT1/cmr/bx/n/10 to
 []


Overfull \hbox (22.04153pt too wide) in paragraph at lines 14--18
\OT1/cmr/bx/n/10 each
 []


Overfull \hbox (29.70818pt too wide) in paragraph at lines 14--18
\OT1/cmr/bx/n/10 block,
 []


Overfull \hbox (13.25688pt too wide) in paragraph at lines 14--18
\OT1/cmr/bx/n/10 we
 []


Overfull \hbox (21.1471pt too wide) in paragraph at lines 14--18
\OT1/cmr/bx/n/10 sim-
 []


Overfull \hbox (15.6527pt too wide) in paragraph at lines 14--18
\OT1/cmr/bx/n/10 ply
 []


Overfull \hbox (26.19429pt too wide) in paragraph at lines 14--18
\OT1/cmr/bx/n/10 make
 []


/home/hugo/master/TSCOM/practicas/practica1/latex/task4.tex:23: LaTeX Error: Missing \begin{document}.

See the LaTeX manual or LaTeX Companion for explanation.
Type  H <return>  for immediate help.
 ...                                              
                                                  
l.23 }
      
You're in trouble here.  Try typing  <return>  to proceed.
If that doesn't work, type  X <return>  to quit.


Overfull \hbox (61.06229pt too wide) in paragraph at lines 23--25
[]\OT1/cmr/bx/n/10 Average
 []


Overfull \hbox (16.13187pt too wide) in paragraph at lines 23--25
\OT1/cmr/bx/n/10 the
 []


Overfull \hbox (38.98033pt too wide) in paragraph at lines 23--25
\OT1/cmr/bx/n/10 squared
 []


Overfull \hbox (24.75679pt too wide) in paragraph at lines 23--25
\OT1/cmr/bx/n/10 mag-
 []


Overfull \hbox (13.4166pt too wide) in paragraph at lines 23--25
\OT1/cmr/bx/n/10 ni-
 []


Overfull \hbox (22.52072pt too wide) in paragraph at lines 23--25
\OT1/cmr/bx/n/10 tude
 []


Overfull \hbox (9.26384pt too wide) in paragraph at lines 23--25
\OT1/cmr/bx/n/10 of
 []


Overfull \hbox (16.13187pt too wide) in paragraph at lines 23--25
\OT1/cmr/bx/n/10 the
 []


Overfull \hbox (24.05542pt too wide) in paragraph at lines 23--25
\OT1/cmr/bx/n/10 DFT
 []


Overfull \hbox (14.69437pt too wide) in paragraph at lines 23--25
\OT1/cmr/bx/n/10 co-
 []


Overfull \hbox (12.618pt too wide) in paragraph at lines 23--25
\OT1/cmr/bx/n/10 ef-
 []


Overfull \hbox (10.22217pt too wide) in paragraph at lines 23--25
\OT1/cmr/bx/n/10 fi-
 []


Overfull \hbox (28.654pt too wide) in paragraph at lines 23--25
\OT1/cmr/bx/n/10 cients
 []


Overfull \hbox (21.18741pt too wide) in paragraph at lines 23--25
\OT1/cmr/bx/n/10 over
 []


Overfull \hbox (16.13187pt too wide) in paragraph at lines 23--25
\OT1/cmr/bx/n/10 the
 []


Overfull \hbox (11.49994pt too wide) in paragraph at lines 23--25
\OT1/cmr/bx/n/10 15
 []


Overfull \hbox (31.04982pt too wide) in paragraph at lines 23--25
\OT1/cmr/bx/n/10 blocks
 []


Overfull \hbox (18.36794pt too wide) in paragraph at lines 23--25
\OT1/cmr/bx/n/10 and
 []


Overfull \hbox (19.80545pt too wide) in paragraph at lines 23--25
\OT1/cmr/bx/n/10 plot
 []


Overfull \hbox (16.13187pt too wide) in paragraph at lines 23--25
\OT1/cmr/bx/n/10 the
 []


Overfull \hbox (13.84023pt too wide) in paragraph at lines 23--25
\OT1/cmr/bx/n/10 re-
 []


Overfull \hbox (23.12762pt too wide) in paragraph at lines 23--25
\OT1/cmr/bx/n/10 sults
 []


Overfull \hbox (15.81242pt too wide) in paragraph at lines 23--25
\OT1/cmr/bx/n/10 be-
 []


Overfull \hbox (29.0693pt too wide) in paragraph at lines 23--25
\OT1/cmr/bx/n/10 tween
 []


Overfull \hbox (5.74997pt too wide) in paragraph at lines 23--25
\OT1/cmr/bx/n/10 0
 []


Overfull \hbox (18.36794pt too wide) in paragraph at lines 23--25
\OT1/cmr/bx/n/10 and
 []


Overfull \hbox (22.74431pt too wide) in paragraph at lines 23--25
\OT1/cmr/bx/n/10 fs/2,
 []


Overfull \hbox (9.58328pt too wide) in paragraph at lines 23--25
\OT1/cmr/bx/n/10 in
 []


Overfull \hbox (31.38872pt too wide) in paragraph at lines 23--25
\OT1/cmr/bx/n/10 dBFS.
 []


Overfull \hbox (18.86101pt too wide) in paragraph at lines 23--25
\OT1/cmr/bx/n/10 Ob-
 []


Overfull \hbox (25.56377pt too wide) in paragraph at lines 23--25
\OT1/cmr/bx/n/10 serve
 []


Overfull \hbox (16.13187pt too wide) in paragraph at lines 23--25
\OT1/cmr/bx/n/10 the
 []


Overfull \hbox (12.77771pt too wide) in paragraph at lines 23--25
\OT1/cmr/bx/n/10 lo-
 []


Overfull \hbox (14.53462pt too wide) in paragraph at lines 23--25
\OT1/cmr/bx/n/10 ca-
 []


Overfull \hbox (19.80545pt too wide) in paragraph at lines 23--25
\OT1/cmr/bx/n/10 tion
 []


Overfull \hbox (18.36794pt too wide) in paragraph at lines 23--25
\OT1/cmr/bx/n/10 and
 []


Overfull \hbox (23.63875pt too wide) in paragraph at lines 23--25
\OT1/cmr/bx/n/10 peak
 []


Overfull \hbox (25.87485pt too wide) in paragraph at lines 23--25
\OT1/cmr/bx/n/10 value
 []


Overfull \hbox (9.26384pt too wide) in paragraph at lines 23--25
\OT1/cmr/bx/n/10 of
 []


Overfull \hbox (16.13187pt too wide) in paragraph at lines 23--25
\OT1/cmr/bx/n/10 the
 []


Overfull \hbox (24.54155pt too wide) in paragraph at lines 23--25
\OT1/cmr/bx/n/10 prin-
 []


Overfull \hbox (12.13882pt too wide) in paragraph at lines 23--25
\OT1/cmr/bx/n/10 ci-
 []


Overfull \hbox (15.17351pt too wide) in paragraph at lines 23--25
\OT1/cmr/bx/n/10 pal
 []


Overfull \hbox (17.3541pt too wide) in paragraph at lines 23--25
\OT1/cmr/bx/n/10 fre-
 []


Overfull \hbox (35.29843pt too wide) in paragraph at lines 23--25
\OT1/cmr/bx/n/10 quency
 []


Overfull \hbox (24.27765pt too wide) in paragraph at lines 23--25
\OT1/cmr/bx/n/10 com-
 []


Overfull \hbox (16.29158pt too wide) in paragraph at lines 23--25
\OT1/cmr/bx/n/10 po-
 []


Overfull \hbox (25.3957pt too wide) in paragraph at lines 23--25
\OT1/cmr/bx/n/10 nent,
 []


Overfull \hbox (10.1263pt too wide) in paragraph at lines 23--25
\OT1/cmr/bx/n/10 as
 []


Overfull \hbox (19.64574pt too wide) in paragraph at lines 23--25
\OT1/cmr/bx/n/10 well
 []


Overfull \hbox (10.1263pt too wide) in paragraph at lines 23--25
\OT1/cmr/bx/n/10 as
 []


Overfull \hbox (16.13187pt too wide) in paragraph at lines 23--25
\OT1/cmr/bx/n/10 the
 []


Overfull \hbox (25.87485pt too wide) in paragraph at lines 23--25
\OT1/cmr/bx/n/10 value
 []


Overfull \hbox (9.26384pt too wide) in paragraph at lines 23--25
\OT1/cmr/bx/n/10 of
 []


Overfull \hbox (16.13187pt too wide) in paragraph at lines 23--25
\OT1/cmr/bx/n/10 the
 []


Overfull \hbox (25.14014pt too wide) in paragraph at lines 23--25
\OT1/cmr/bx/n/10 noise
 []


Overfull \hbox (26.13876pt too wide) in paragraph at lines 23--25
\OT1/cmr/bx/n/10 floor.
 []


Overfull \hbox (14.56937pt too wide) in paragraph at lines 23--25
\OT1/cmr/bx/n/10 Do
 []


Overfull \hbox (22.6249pt too wide) in paragraph at lines 23--25
\OT1/cmr/bx/n/10 your
 []


Overfull \hbox (15.97214pt too wide) in paragraph at lines 23--25
\OT1/cmr/bx/n/10 ob-
 []


Overfull \hbox (18.3763pt too wide) in paragraph at lines 23--25
\OT1/cmr/bx/n/10 ser-
 []


Overfull \hbox (14.85406pt too wide) in paragraph at lines 23--25
\OT1/cmr/bx/n/10 va-
 []


Overfull \hbox (24.34152pt too wide) in paragraph at lines 23--25
\OT1/cmr/bx/n/10 tions
 []


Overfull \hbox (26.61792pt too wide) in paragraph at lines 23--25
\OT1/cmr/bx/n/10 agree
 []


Overfull \hbox (32.74286pt too wide) in paragraph at lines 23--25
\OT1/cmr/bx/n/10 (quan-
 []


Overfull \hbox (11.49994pt too wide) in paragraph at lines 23--25
\OT1/cmr/bx/n/10 ti-
 []


Overfull \hbox (13.89574pt too wide) in paragraph at lines 23--25
\OT1/cmr/bx/n/10 ta-
 []


Overfull \hbox (32.42345pt too wide) in paragraph at lines 23--25
\OT1/cmr/bx/n/10 tively)
 []


Overfull \hbox (22.361pt too wide) in paragraph at lines 23--25
\OT1/cmr/bx/n/10 with
 []


Overfull \hbox (24.75679pt too wide) in paragraph at lines 23--25
\OT1/cmr/bx/n/10 what
 []


Overfull \hbox (17.8888pt too wide) in paragraph at lines 23--25
\OT1/cmr/bx/n/10 you
 []


Overfull \hbox (29.70818pt too wide) in paragraph at lines 23--25
\OT1/cmr/bx/n/10 would
 []


Overfull \hbox (15.17354pt too wide) in paragraph at lines 23--25
\OT1/cmr/bx/n/10 ex-
 []


Overfull \hbox (26.99292pt too wide) in paragraph at lines 23--25
\OT1/cmr/bx/n/10 pect?
 []


/home/hugo/master/TSCOM/practicas/practica1/latex/task4.tex:25: LaTeX Error: The font size command \normalsize is not defined:
               there is probably something wrong with the class file.

See the LaTeX manual or LaTeX Companion for explanation.
Type  H <return>  for immediate help.
 ...                                              
                                                  
l.25 
     
Your command was ignored.
Type  I <command> <return>  to replace it with another command,
or  <return>  to continue without it.

[1{/var/lib/texmf/fonts/map/pdftex/updmap/pdftex.map}]

/home/hugo/master/TSCOM/practicas/practica1/latex/task4.tex:26: LaTeX Error: Missing \begin{document}.

See the LaTeX manual or LaTeX Companion for explanation.
Type  H <return>  for immediate help.
 ...                                              
                                                  
l.26 F
      irst, we need to calculate the expected theoretical values for the sig...
You're in trouble here.  Try typing  <return>  to proceed.
If that doesn't work, type  X <return>  to quit.

Missing character: There is no F in font nullfont!
Missing character: There is no i in font nullfont!
Missing character: There is no r in font nullfont!
Missing character: There is no s in font nullfont!
Missing character: There is no t in font nullfont!
Missing character: There is no , in font nullfont!
Missing character: There is no w in font nullfont!
Missing character: There is no e in font nullfont!
Missing character: There is no n in font nullfont!
Missing character: There is no e in font nullfont!
Missing character: There is no e in font nullfont!
Missing character: There is no d in font nullfont!
Missing character: There is no t in font nullfont!
Missing character: There is no o in font nullfont!
Missing character: There is no c in font nullfont!
Missing character: There is no a in font nullfont!
Missing character: There is no l in font nullfont!
Missing character: There is no c in font nullfont!
Missing character: There is no u in font nullfont!
Missing character: There is no l in font nullfont!
Missing character: There is no a in font nullfont!
Missing character: There is no t in font nullfont!
Missing character: There is no e in font nullfont!
Missing character: There is no t in font nullfont!
Missing character: There is no h in font nullfont!
Missing character: There is no e in font nullfont!
Missing character: There is no e in font nullfont!
Missing character: There is no x in font nullfont!
Missing character: There is no p in font nullfont!
Missing character: There is no e in font nullfont!
Missing character: There is no c in font nullfont!
Missing character: There is no t in font nullfont!
Missing character: There is no e in font nullfont!
Missing character: There is no d in font nullfont!
Missing character: There is no t in font nullfont!
Missing character: There is no h in font nullfont!
Missing character: There is no e in font nullfont!
Missing character: There is no o in font nullfont!
Missing character: There is no r in font nullfont!
Missing character: There is no e in font nullfont!
Missing character: There is no t in font nullfont!
Missing character: There is no i in font nullfont!
Missing character: There is no c in font nullfont!
Missing character: There is no a in font nullfont!
Missing character: There is no l in font nullfont!
Missing character: There is no v in font nullfont!
Missing character: There is no a in font nullfont!
Missing character: There is no l in font nullfont!
Missing character: There is no u in font nullfont!
Missing character: There is no e in font nullfont!
Missing character: There is no s in font nullfont!
Missing character: There is no f in font nullfont!
Missing character: There is no o in font nullfont!
Missing character: There is no r in font nullfont!
Missing character: There is no t in font nullfont!
Missing character: There is no h in font nullfont!
Missing character: There is no e in font nullfont!
Missing character: There is no s in font nullfont!
Missing character: There is no i in font nullfont!
Missing character: There is no g in font nullfont!
Missing character: There is no n in font nullfont!
Missing character: There is no a in font nullfont!
Missing character: There is no l in font nullfont!
Missing character: There is no p in font nullfont!
Missing character: There is no e in font nullfont!
Missing character: There is no a in font nullfont!
Missing character: There is no k in font nullfont!
Missing character: There is no a in font nullfont!
Missing character: There is no n in font nullfont!
Missing character: There is no d in font nullfont!
Missing character: There is no f in font nullfont!
Missing character: There is no o in font nullfont!
Missing character: There is no r in font nullfont!
Missing character: There is no t in font nullfont!
Missing character: There is no h in font nullfont!
Missing character: There is no e in font nullfont!
Missing character: There is no n in font nullfont!
Missing character: There is no o in font nullfont!
Missing character: There is no i in font nullfont!
Missing character: There is no s in font nullfont!
Missing character: There is no e in font nullfont!
Missing character: There is no f in font nullfont!
Missing character: There is no l in font nullfont!
Missing character: There is no o in font nullfont!
Missing character: There is no o in font nullfont!
Missing character: There is no r in font nullfont!
Missing character: There is no v in font nullfont!
Missing character: There is no a in font nullfont!
Missing character: There is no l in font nullfont!
Missing character: There is no u in font nullfont!
Missing character: There is no e in font nullfont!
Missing character: There is no . in font nullfont!

Overfull \hbox (20.0pt too wide) in paragraph at lines 26--27
[]
 []

/home/hugo/master/TSCOM/practicas/practica1/latex/task4.tex:28: Undefined control sequence.
l.28 \subsection
                {Signal Peak}
The control sequence at the end of the top line
of your error message was never \def'ed. If you have
misspelled it (e.g., `\hobx'), type `I' and the correct
spelling (e.g., `I\hbox'). Otherwise just continue,
and I'll forget about whatever was undefined.


/home/hugo/master/TSCOM/practicas/practica1/latex/task4.tex:28: LaTeX Error: Missing \begin{document}.

See the LaTeX manual or LaTeX Companion for explanation.
Type  H <return>  for immediate help.
 ...                                              
                                                  
l.28 \subsection{S
                  ignal Peak}
You're in trouble here.  Try typing  <return>  to proceed.
If that doesn't work, type  X <return>  to quit.

Missing character: There is no S in font nullfont!
Missing character: There is no i in font nullfont!
Missing character: There is no g in font nullfont!
Missing character: There is no n in font nullfont!
Missing character: There is no a in font nullfont!
Missing character: There is no l in font nullfont!
Missing character: There is no P in font nullfont!
Missing character: There is no e in font nullfont!
Missing character: There is no a in font nullfont!
Missing character: There is no k in font nullfont!
Missing character: There is no W in font nullfont!
Missing character: There is no e in font nullfont!
Missing character: There is no h in font nullfont!
Missing character: There is no a in font nullfont!
Missing character: There is no v in font nullfont!
Missing character: There is no e in font nullfont!
Missing character: There is no a in font nullfont!
Missing character: There is no n in font nullfont!
Missing character: There is no d in font nullfont!
Missing character: There is no . in font nullfont!
Missing character: There is no A in font nullfont!
Missing character: There is no s in font nullfont!
Missing character: There is no w in font nullfont!
Missing character: There is no e in font nullfont!
Missing character: There is no d in font nullfont!
Missing character: There is no o in font nullfont!
Missing character: There is no n in font nullfont!
Missing character: There is no ' in font nullfont!
Missing character: There is no t in font nullfont!
Missing character: There is no h in font nullfont!
Missing character: There is no a in font nullfont!
Missing character: There is no v in font nullfont!
Missing character: There is no e in font nullfont!
Missing character: There is no a in font nullfont!
Missing character: There is no l in font nullfont!
Missing character: There is no i in font nullfont!
Missing character: There is no a in font nullfont!
Missing character: There is no s in font nullfont!
Missing character: There is no i in font nullfont!
Missing character: There is no n in font nullfont!
Missing character: There is no g in font nullfont!
Missing character: There is no . in font nullfont!
Missing character: There is no T in font nullfont!
Missing character: There is no e in font nullfont!
Missing character: There is no r in font nullfont!
Missing character: There is no e in font nullfont!
Missing character: There is no f in font nullfont!
Missing character: There is no o in font nullfont!
Missing character: There is no r in font nullfont!
Missing character: There is no e in font nullfont!
Missing character: There is no , in font nullfont!
Missing character: There is no w in font nullfont!
Missing character: There is no e in font nullfont!
Missing character: There is no e in font nullfont!
Missing character: There is no x in font nullfont!
Missing character: There is no p in font nullfont!
Missing character: There is no e in font nullfont!
Missing character: There is no c in font nullfont!
Missing character: There is no t in font nullfont!
Missing character: There is no a in font nullfont!
Missing character: There is no s in font nullfont!
Missing character: There is no i in font nullfont!
Missing character: There is no g in font nullfont!
Missing character: There is no n in font nullfont!
Missing character: There is no a in font nullfont!
Missing character: There is no l in font nullfont!
Missing character: There is no p in font nullfont!
Missing character: There is no e in font nullfont!
Missing character: There is no a in font nullfont!
Missing character: There is no k in font nullfont!
Missing character: There is no a in font nullfont!
Missing character: There is no t in font nullfont!
Missing character: There is no , in font nullfont!
Missing character: There is no w in font nullfont!
Missing character: There is no i in font nullfont!
Missing character: There is no t in font nullfont!
Missing character: There is no h in font nullfont!
Missing character: There is no a in font nullfont!
Missing character: There is no v in font nullfont!
Missing character: There is no a in font nullfont!
Missing character: There is no l in font nullfont!
Missing character: There is no u in font nullfont!
Missing character: There is no e in font nullfont!
Missing character: There is no o in font nullfont!
Missing character: There is no f in font nullfont!
Missing character: There is no 0 in font nullfont!
Missing character: There is no D in font nullfont!
Missing character: There is no B in font nullfont!
Missing character: There is no F in font nullfont!
Missing character: There is no S in font nullfont!
Missing character: There is no , in font nullfont!
Missing character: There is no a in font nullfont!
Missing character: There is no s in font nullfont!
Missing character: There is no i in font nullfont!
Missing character: There is no t in font nullfont!
Missing character: There is no i in font nullfont!
Missing character: There is no s in font nullfont!
Missing character: There is no a in font nullfont!
Missing character: There is no f in font nullfont!
Missing character: There is no u in font nullfont!
Missing character: There is no l in font nullfont!
Missing character: There is no l in font nullfont!
Missing character: There is no - in font nullfont!
Missing character: There is no s in font nullfont!
Missing character: There is no c in font nullfont!
Missing character: There is no a in font nullfont!
Missing character: There is no l in font nullfont!
Missing character: There is no e in font nullfont!
Missing character: There is no s in font nullfont!
Missing character: There is no i in font nullfont!
Missing character: There is no g in font nullfont!
Missing character: There is no n in font nullfont!
Missing character: There is no a in font nullfont!
Missing character: There is no l in font nullfont!
Missing character: There is no . in font nullfont!

Overfull \hbox (20.0pt too wide) in paragraph at lines 28--31
[]
 []


Overfull \hbox (19.9375pt too wide) in paragraph at lines 28--31
\OML/cmm/m/it/10 f[] \OT1/cmr/m/n/10 =
 []


Overfull \hbox (57.7848pt too wide) in paragraph at lines 28--31
\OT1/cmr/m/n/10 37\OML/cmm/m/it/10 :\OT1/cmr/m/n/10 1094\OML/cmm/m/it/10 MHz$
 []


Overfull \hbox (19.7257pt too wide) in paragraph at lines 28--31
\OML/cmm/m/it/10 f[] \OT1/cmr/m/n/10 =
 []


Overfull \hbox (40.00697pt too wide) in paragraph at lines 28--31
\OT1/cmr/m/n/10 100\OML/cmm/m/it/10 MHz$
 []


Overfull \hbox (19.9375pt too wide) in paragraph at lines 28--31
\OML/cmm/m/it/10 f[] <
 []


Overfull \hbox (19.17021pt too wide) in paragraph at lines 28--31
\OML/cmm/m/it/10 f[]=\OT1/cmr/m/n/10 2$
 []


Overfull \hbox (9.38199pt too wide) in paragraph at lines 28--31
\OML/cmm/m/it/10 f[]$
 []

/home/hugo/master/TSCOM/practicas/practica1/latex/task4.tex:32: Undefined control sequence.
l.32 \subsection
                {Noise Floor}
The control sequence at the end of the top line
of your error message was never \def'ed. If you have
misspelled it (e.g., `\hobx'), type `I' and the correct
spelling (e.g., `I\hbox'). Otherwise just continue,
and I'll forget about whatever was undefined.


/home/hugo/master/TSCOM/practicas/practica1/latex/task4.tex:32: LaTeX Error: Missing \begin{document}.

See the LaTeX manual or LaTeX Companion for explanation.
Type  H <return>  for immediate help.
 ...                                              
                                                  
l.32 \subsection{N
                  oise Floor}
You're in trouble here.  Try typing  <return>  to proceed.
If that doesn't work, type  X <return>  to quit.

Missing character: There is no N in font nullfont!
Missing character: There is no o in font nullfont!
Missing character: There is no i in font nullfont!
Missing character: There is no s in font nullfont!
Missing character: There is no e in font nullfont!
Missing character: There is no F in font nullfont!
Missing character: There is no l in font nullfont!
Missing character: There is no o in font nullfont!
Missing character: There is no o in font nullfont!
Missing character: There is no r in font nullfont!

Overfull \hbox (20.0pt too wide) in paragraph at lines 32--33
[]
 []


/home/hugo/master/TSCOM/practicas/practica1/latex/task4.tex:34: LaTeX Error: Missing \begin{document}.

See the LaTeX manual or LaTeX Companion for explanation.
Type  H <return>  for immediate help.
 ...                                              
                                                  
l.34 T
      o calculate the theoretical SQNR we have the formula
You're in trouble here.  Try typing  <return>  to proceed.
If that doesn't work, type  X <return>  to quit.

Missing character: There is no T in font nullfont!
Missing character: There is no o in font nullfont!
Missing character: There is no c in font nullfont!
Missing character: There is no a in font nullfont!
Missing character: There is no l in font nullfont!
Missing character: There is no c in font nullfont!
Missing character: There is no u in font nullfont!
Missing character: There is no l in font nullfont!
Missing character: There is no a in font nullfont!
Missing character: There is no t in font nullfont!
Missing character: There is no e in font nullfont!
Missing character: There is no t in font nullfont!
Missing character: There is no h in font nullfont!
Missing character: There is no e in font nullfont!
Missing character: There is no t in font nullfont!
Missing character: There is no h in font nullfont!
Missing character: There is no e in font nullfont!
Missing character: There is no o in font nullfont!
Missing character: There is no r in font nullfont!
Missing character: There is no e in font nullfont!
Missing character: There is no t in font nullfont!
Missing character: There is no i in font nullfont!
Missing character: There is no c in font nullfont!
Missing character: There is no a in font nullfont!
Missing character: There is no l in font nullfont!
Missing character: There is no S in font nullfont!
Missing character: There is no Q in font nullfont!
Missing character: There is no N in font nullfont!
Missing character: There is no R in font nullfont!
Missing character: There is no w in font nullfont!
Missing character: There is no e in font nullfont!
Missing character: There is no h in font nullfont!
Missing character: There is no a in font nullfont!
Missing character: There is no v in font nullfont!
Missing character: There is no e in font nullfont!
Missing character: There is no t in font nullfont!
Missing character: There is no h in font nullfont!
Missing character: There is no e in font nullfont!
Missing character: There is no f in font nullfont!
Missing character: There is no o in font nullfont!
Missing character: There is no r in font nullfont!
Missing character: There is no m in font nullfont!
Missing character: There is no u in font nullfont!
Missing character: There is no l in font nullfont!
Missing character: There is no a in font nullfont!

Overfull \hbox (20.0pt too wide) in paragraph at lines 34--36
[]
 []


Overfull \hbox (41.9645pt too wide) in paragraph at lines 34--36
\OML/cmm/m/it/10 SQNR \OT1/cmr/m/n/10 =
 []


Overfull \hbox (34.6806pt too wide) in paragraph at lines 34--36
\OT1/cmr/m/n/10 6\OML/cmm/m/it/10 :\OT1/cmr/m/n/10 02\OML/cmm/m/it/10 N \OT1/cmr/m/n/10 +
 []


Overfull \hbox (25.55563pt too wide) in paragraph at lines 34--36
\OT1/cmr/m/n/10 4\OML/cmm/m/it/10 :\OT1/cmr/m/n/10 77 \OMS/cmsy/m/n/10 ^^@
 []


Overfull \hbox (69.78255pt too wide) in paragraph at lines 34--36
\OT1/cmr/m/n/10 20\OML/cmm/m/it/10 log[]\OT1/cmr/m/n/10 0(\OML/cmm/m/it/10 FS=^^[[]\OT1/cmr/m/n/10 )$ 
 []


/home/hugo/master/TSCOM/practicas/practica1/latex/task4.tex:38: LaTeX Error: Missing \begin{document}.

See the LaTeX manual or LaTeX Companion for explanation.
Type  H <return>  for immediate help.
 ...                                              
                                                  
l.38 E
      xecuting the task\_4\_1.m matlab script we can see the next figure.
You're in trouble here.  Try typing  <return>  to proceed.
If that doesn't work, type  X <return>  to quit.

Missing character: There is no E in font nullfont!
Missing character: There is no x in font nullfont!
Missing character: There is no e in font nullfont!
Missing character: There is no c in font nullfont!
Missing character: There is no u in font nullfont!
Missing character: There is no t in font nullfont!
Missing character: There is no i in font nullfont!
Missing character: There is no n in font nullfont!
Missing character: There is no g in font nullfont!
Missing character: There is no t in font nullfont!
Missing character: There is no h in font nullfont!
Missing character: There is no e in font nullfont!
Missing character: There is no t in font nullfont!
Missing character: There is no a in font nullfont!
Missing character: There is no s in font nullfont!
Missing character: There is no k in font nullfont!
Missing character: There is no 4 in font nullfont!
Missing character: There is no 1 in font nullfont!
Missing character: There is no . in font nullfont!
Missing character: There is no m in font nullfont!
Missing character: There is no m in font nullfont!
Missing character: There is no a in font nullfont!
Missing character: There is no t in font nullfont!
Missing character: There is no l in font nullfont!
Missing character: There is no a in font nullfont!
Missing character: There is no b in font nullfont!
Missing character: There is no s in font nullfont!
Missing character: There is no c in font nullfont!
Missing character: There is no r in font nullfont!
Missing character: There is no i in font nullfont!
Missing character: There is no p in font nullfont!
Missing character: There is no t in font nullfont!
Missing character: There is no w in font nullfont!
Missing character: There is no e in font nullfont!
Missing character: There is no c in font nullfont!
Missing character: There is no a in font nullfont!
Missing character: There is no n in font nullfont!
Missing character: There is no s in font nullfont!
Missing character: There is no e in font nullfont!
Missing character: There is no e in font nullfont!
Missing character: There is no t in font nullfont!
Missing character: There is no h in font nullfont!
Missing character: There is no e in font nullfont!
Missing character: There is no n in font nullfont!
Missing character: There is no e in font nullfont!
Missing character: There is no x in font nullfont!
Missing character: There is no t in font nullfont!
Missing character: There is no f in font nullfont!
Missing character: There is no i in font nullfont!
Missing character: There is no g in font nullfont!
Missing character: There is no u in font nullfont!
Missing character: There is no r in font nullfont!
Missing character: There is no e in font nullfont!
Missing character: There is no . in font nullfont!

Overfull \hbox (20.0pt too wide) in paragraph at lines 38--39
[]
 []


/home/hugo/master/TSCOM/practicas/practica1/latex/task4.tex:40: LaTeX Error: Environment figure undefined.

See the LaTeX manual or LaTeX Companion for explanation.
Type  H <return>  for immediate help.
 ...                                              
                                                  
l.40 \begin{figure}
                   [H]
Your command was ignored.
Type  I <command> <return>  to replace it with another command,
or  <return>  to continue without it.


/home/hugo/master/TSCOM/practicas/practica1/latex/task4.tex:40: LaTeX Error: Missing \begin{document}.

See the LaTeX manual or LaTeX Companion for explanation.
Type  H <return>  for immediate help.
 ...                                              
                                                  
l.40 \begin{figure}[
                    H]
You're in trouble here.  Try typing  <return>  to proceed.
If that doesn't work, type  X <return>  to quit.

Missing character: There is no [ in font nullfont!
Missing character: There is no H in font nullfont!
Missing character: There is no ] in font nullfont!
/home/hugo/master/TSCOM/practicas/practica1/latex/task4.tex:42: Undefined control sequence.
l.42     \includegraphics
                         [width=1\textwidth]{img/task4_1.png}
The control sequence at the end of the top line
of your error message was never \def'ed. If you have
misspelled it (e.g., `\hobx'), type `I' and the correct
spelling (e.g., `I\hbox'). Otherwise just continue,
and I'll forget about whatever was undefined.

Missing character: There is no [ in font nullfont!
Missing character: There is no w in font nullfont!
Missing character: There is no i in font nullfont!
Missing character: There is no d in font nullfont!
Missing character: There is no t in font nullfont!
Missing character: There is no h in font nullfont!
Missing character: There is no = in font nullfont!
Missing character: There is no 1 in font nullfont!
/home/hugo/master/TSCOM/practicas/practica1/latex/task4.tex:42: Missing number, treated as zero.
<to be read again> 
                   ]
l.42     \includegraphics[width=1\textwidth]
                                            {img/task4_1.png}
A number should have been here; I inserted `0'.
(If you can't figure out why I needed to see a number,
look up `weird error' in the index to The TeXbook.)

/home/hugo/master/TSCOM/practicas/practica1/latex/task4.tex:42: Illegal unit of measure (pt inserted).
<to be read again> 
                   ]
l.42     \includegraphics[width=1\textwidth]
                                            {img/task4_1.png}
Dimensions can be in units of em, ex, in, pt, pc,
cm, mm, dd, cc, nd, nc, bp, or sp; but yours is a new one!
I'll assume that you meant to say pt, for printer's points.
To recover gracefully from this error, it's best to
delete the erroneous units; e.g., type `2' to delete
two letters. (See Chapter 27 of The TeXbook.)

Missing character: There is no ] in font nullfont!
Missing character: There is no i in font nullfont!
Missing character: There is no m in font nullfont!
Missing character: There is no g in font nullfont!
Missing character: There is no / in font nullfont!
Missing character: There is no t in font nullfont!
Missing character: There is no a in font nullfont!
Missing character: There is no s in font nullfont!
Missing character: There is no k in font nullfont!
Missing character: There is no 4 in font nullfont!
/home/hugo/master/TSCOM/practicas/practica1/latex/task4.tex:42: Missing $ inserted.
<inserted text> 
                $
l.42 ...ludegraphics[width=1\textwidth]{img/task4_
                                                  1.png}
I've inserted a begin-math/end-math symbol since I think
you left one out. Proceed, with fingers crossed.

/home/hugo/master/TSCOM/practicas/practica1/latex/task4.tex:42: Extra }, or forgotten $.
l.42 ...aphics[width=1\textwidth]{img/task4_1.png}
                                                  
I've deleted a group-closing symbol because it seems to be
spurious, as in `$x}$'. But perhaps the } is legitimate and
you forgot something else, as in `\hbox{$x}'. In such cases
the way to recover is to insert both the forgotten and the
deleted material, e.g., by typing `I$}'.


/home/hugo/master/TSCOM/practicas/practica1/latex/task4.tex:44: LaTeX Error: \begin{document} ended by \end{figure}.

See the LaTeX manual or LaTeX Companion for explanation.
Type  H <return>  for immediate help.
 ...                                              
                                                  
l.44 \end{figure}
                 
Your command was ignored.
Type  I <command> <return>  to replace it with another command,
or  <return>  to continue without it.

/home/hugo/master/TSCOM/practicas/practica1/latex/task4.tex:44: Missing $ inserted.
<inserted text> 
                $
l.44 \end{figure}
                 
I've inserted something that you may have forgotten.
(See the <inserted text> above.)
With luck, this will get me unwedged. But if you
really didn't forget anything, try typing `2' now; then
my insertion and my current dilemma will both disappear.

/home/hugo/master/TSCOM/practicas/practica1/latex/task4.tex:44: Missing } inserted.
<inserted text> 
                }
l.44 \end{figure}
                 
I've inserted something that you may have forgotten.
(See the <inserted text> above.)
With luck, this will get me unwedged. But if you
really didn't forget anything, try typing `2' now; then
my insertion and my current dilemma will both disappear.


Overfull \hbox (20.0pt too wide) in paragraph at lines 40--45
[]
 []


Overfull \hbox (23.42598pt too wide) in paragraph at lines 40--45
[]\OML/cmm/m/it/10 :png[]$ 
 []


/home/hugo/master/TSCOM/practicas/practica1/latex/task4.tex:46: LaTeX Error: Missing \begin{document}.

See the LaTeX manual or LaTeX Companion for explanation.
Type  H <return>  for immediate help.
 ...                                              
                                                  
l.46 O
      n the figure we can see a signal peak at 37.1094 MHz, whith a value of...
You're in trouble here.  Try typing  <return>  to proceed.
If that doesn't work, type  X <return>  to quit.

Missing character: There is no O in font nullfont!
Missing character: There is no n in font nullfont!
Missing character: There is no t in font nullfont!
Missing character: There is no h in font nullfont!
Missing character: There is no e in font nullfont!
Missing character: There is no f in font nullfont!
Missing character: There is no i in font nullfont!
Missing character: There is no g in font nullfont!
Missing character: There is no u in font nullfont!
Missing character: There is no r in font nullfont!
Missing character: There is no e in font nullfont!
Missing character: There is no w in font nullfont!
Missing character: There is no e in font nullfont!
Missing character: There is no c in font nullfont!
Missing character: There is no a in font nullfont!
Missing character: There is no n in font nullfont!
Missing character: There is no s in font nullfont!
Missing character: There is no e in font nullfont!
Missing character: There is no e in font nullfont!
Missing character: There is no a in font nullfont!
Missing character: There is no s in font nullfont!
Missing character: There is no i in font nullfont!
Missing character: There is no g in font nullfont!
Missing character: There is no n in font nullfont!
Missing character: There is no a in font nullfont!
Missing character: There is no l in font nullfont!
Missing character: There is no p in font nullfont!
Missing character: There is no e in font nullfont!
Missing character: There is no a in font nullfont!
Missing character: There is no k in font nullfont!
Missing character: There is no a in font nullfont!
Missing character: There is no t in font nullfont!
Missing character: There is no 3 in font nullfont!
Missing character: There is no 7 in font nullfont!
Missing character: There is no . in font nullfont!
Missing character: There is no 1 in font nullfont!
Missing character: There is no 0 in font nullfont!
Missing character: There is no 9 in font nullfont!
Missing character: There is no 4 in font nullfont!
Missing character: There is no M in font nullfont!
Missing character: There is no H in font nullfont!
Missing character: There is no z in font nullfont!
Missing character: There is no , in font nullfont!
Missing character: There is no w in font nullfont!
Missing character: There is no h in font nullfont!
Missing character: There is no i in font nullfont!
Missing character: There is no t in font nullfont!
Missing character: There is no h in font nullfont!
Missing character: There is no a in font nullfont!
Missing character: There is no v in font nullfont!
Missing character: There is no a in font nullfont!
Missing character: There is no l in font nullfont!
Missing character: There is no u in font nullfont!
Missing character: There is no e in font nullfont!
Missing character: There is no o in font nullfont!
Missing character: There is no f in font nullfont!
Missing character: There is no 0 in font nullfont!
Missing character: There is no D in font nullfont!
Missing character: There is no B in font nullfont!
Missing character: There is no F in font nullfont!
Missing character: There is no S in font nullfont!
Missing character: There is no . in font nullfont!

Overfull \hbox (20.0pt too wide) in paragraph at lines 46--47
[]
 []


/home/hugo/master/TSCOM/practicas/practica1/latex/task4.tex:48: LaTeX Error: Missing \begin{document}.

See the LaTeX manual or LaTeX Companion for explanation.
Type  H <return>  for immediate help.
 ...                                              
                                                  
l.48 T
      his agrees quantitatively with the theory, which predicts a peak at th...
You're in trouble here.  Try typing  <return>  to proceed.
If that doesn't work, type  X <return>  to quit.

Missing character: There is no T in font nullfont!
Missing character: There is no h in font nullfont!
Missing character: There is no i in font nullfont!
Missing character: There is no s in font nullfont!
Missing character: There is no a in font nullfont!
Missing character: There is no g in font nullfont!
Missing character: There is no r in font nullfont!
Missing character: There is no e in font nullfont!
Missing character: There is no e in font nullfont!
Missing character: There is no s in font nullfont!
Missing character: There is no q in font nullfont!
Missing character: There is no u in font nullfont!
Missing character: There is no a in font nullfont!
Missing character: There is no n in font nullfont!
Missing character: There is no t in font nullfont!
Missing character: There is no i in font nullfont!
Missing character: There is no t in font nullfont!
Missing character: There is no a in font nullfont!
Missing character: There is no t in font nullfont!
Missing character: There is no i in font nullfont!
Missing character: There is no v in font nullfont!
Missing character: There is no e in font nullfont!
Missing character: There is no l in font nullfont!
Missing character: There is no y in font nullfont!
Missing character: There is no w in font nullfont!
Missing character: There is no i in font nullfont!
Missing character: There is no t in font nullfont!
Missing character: There is no h in font nullfont!
Missing character: There is no t in font nullfont!
Missing character: There is no h in font nullfont!
Missing character: There is no e in font nullfont!
Missing character: There is no t in font nullfont!
Missing character: There is no h in font nullfont!
Missing character: There is no e in font nullfont!
Missing character: There is no o in font nullfont!
Missing character: There is no r in font nullfont!
Missing character: There is no y in font nullfont!
Missing character: There is no , in font nullfont!
Missing character: There is no w in font nullfont!
Missing character: There is no h in font nullfont!
Missing character: There is no i in font nullfont!
Missing character: There is no c in font nullfont!
Missing character: There is no h in font nullfont!
Missing character: There is no p in font nullfont!
Missing character: There is no r in font nullfont!
Missing character: There is no e in font nullfont!
Missing character: There is no d in font nullfont!
Missing character: There is no i in font nullfont!
Missing character: There is no c in font nullfont!
Missing character: There is no t in font nullfont!
Missing character: There is no s in font nullfont!
Missing character: There is no a in font nullfont!
Missing character: There is no p in font nullfont!
Missing character: There is no e in font nullfont!
Missing character: There is no a in font nullfont!
Missing character: There is no k in font nullfont!
Missing character: There is no a in font nullfont!
Missing character: There is no t in font nullfont!
Missing character: There is no t in font nullfont!
Missing character: There is no h in font nullfont!
Missing character: There is no e in font nullfont!
Missing character: There is no i in font nullfont!
Missing character: There is no n in font nullfont!
Missing character: There is no p in font nullfont!
Missing character: There is no u in font nullfont!
Missing character: There is no t in font nullfont!
Missing character: There is no f in font nullfont!
Missing character: There is no r in font nullfont!
Missing character: There is no e in font nullfont!
Missing character: There is no q in font nullfont!
Missing character: There is no u in font nullfont!
Missing character: There is no e in font nullfont!
Missing character: There is no n in font nullfont!
Missing character: There is no c in font nullfont!
Missing character: There is no y in font nullfont!
Missing character: There is no a in font nullfont!
Missing character: There is no n in font nullfont!
Missing character: There is no d in font nullfont!
Missing character: There is no a in font nullfont!
Missing character: There is no l in font nullfont!
Missing character: There is no e in font nullfont!
Missing character: There is no v in font nullfont!
Missing character: There is no e in font nullfont!
Missing character: There is no l in font nullfont!
Missing character: There is no o in font nullfont!
Missing character: There is no f in font nullfont!
Missing character: There is no 0 in font nullfont!
Missing character: There is no d in font nullfont!
Missing character: There is no B in font nullfont!
Missing character: There is no F in font nullfont!
Missing character: There is no S in font nullfont!
Missing character: There is no d in font nullfont!
Missing character: There is no u in font nullfont!
Missing character: There is no e in font nullfont!
Missing character: There is no t in font nullfont!
Missing character: There is no o in font nullfont!
Missing character: There is no t in font nullfont!
Missing character: There is no h in font nullfont!
Missing character: There is no e in font nullfont!
Missing character: There is no n in font nullfont!
Missing character: There is no o in font nullfont!
Missing character: There is no r in font nullfont!
Missing character: There is no m in font nullfont!
Missing character: There is no a in font nullfont!
Missing character: There is no l in font nullfont!
Missing character: There is no i in font nullfont!
Missing character: There is no z in font nullfont!
Missing character: There is no a in font nullfont!
Missing character: There is no t in font nullfont!
Missing character: There is no i in font nullfont!
Missing character: There is no o in font nullfont!
Missing character: There is no n in font nullfont!
Missing character: There is no u in font nullfont!
Missing character: There is no s in font nullfont!
Missing character: There is no e in font nullfont!
Missing character: There is no d in font nullfont!
Missing character: There is no f in font nullfont!
Missing character: There is no o in font nullfont!
Missing character: There is no r in font nullfont!
Missing character: There is no a in font nullfont!
Missing character: There is no f in font nullfont!
Missing character: There is no u in font nullfont!
Missing character: There is no l in font nullfont!
Missing character: There is no l in font nullfont!
Missing character: There is no - in font nullfont!
Missing character: There is no s in font nullfont!
Missing character: There is no c in font nullfont!
Missing character: There is no a in font nullfont!
Missing character: There is no l in font nullfont!
Missing character: There is no e in font nullfont!
Missing character: There is no s in font nullfont!
Missing character: There is no i in font nullfont!
Missing character: There is no g in font nullfont!
Missing character: There is no n in font nullfont!
Missing character: There is no a in font nullfont!
Missing character: There is no l in font nullfont!
Missing character: There is no . in font nullfont!
)
! Emergency stop.
<*> ...r/TSCOM/practicas/practica1/latex/task4.tex
                                                  
*** (job aborted, no legal \end found)

 
Here is how much of TeX's memory you used:
 31 strings out of 476120
 759 string characters out of 5793657
 1929975 words of memory out of 5000000
 22136 multiletter control sequences out of 15000+600000
 558377 words of font info for 37 fonts, out of 8000000 for 9000
 40 hyphenation exceptions out of 8191
 23i,5n,24p,205b,111s stack positions out of 10000i,1000n,20000p,200000b,200000s
!  ==> Fatal error occurred, no output PDF file produced!
